0 info it worked if it ends with ok
1 verbose cli [ 'C:\\Program Files\\nodejs\\node.exe',
1 verbose cli   'C:\\Program Files\\nodejs\\node_modules\\npm\\bin\\npm-cli.js',
1 verbose cli   'run',
1 verbose cli   'test' ]
2 info using npm@3.10.10
3 info using node@v6.11.3
4 verbose run-script [ 'pretest', 'test', 'posttest' ]
5 info lifecycle daiict-chain@1.0.0~pretest: daiict-chain@1.0.0
6 silly lifecycle daiict-chain@1.0.0~pretest: no script for pretest, continuing
7 info lifecycle daiict-chain@1.0.0~test: daiict-chain@1.0.0
8 verbose lifecycle daiict-chain@1.0.0~test: unsafe-perm in lifecycle true
9 verbose lifecycle daiict-chain@1.0.0~test: PATH: C:\Program Files\nodejs\node_modules\npm\bin\node-gyp-bin;C:\Users\Shirish\daiict-chain\node_modules\.bin;C:\Program Files\Git\cmd;C:\ProgramData\Oracle\Java\javapath;C:\WINDOWS\system32;C:\WINDOWS;C:\WINDOWS\System32\Wbem;C:\WINDOWS\System32\WindowsPowerShell\v1.0\;C:\Program Files (x86)\GtkSharp\2.12\bin;C:\Program Files\Git\cmd;C:\Program Files\nodejs\;C:\Program Files\Amazon\AWSCLI\;C:\Program Files\PuTTY\;C:\WINDOWS\System32\OpenSSH\;"C:\Users\Shirish\AppData\Local\Microsoft\WindowsApps;C:\Users\Shirish\AppData\Roaming\Microsoft\Windows\Start Menu\Programs";C:\Users\Shirish\AppData\Local\GitHubDesktop\bin;C:\Users\Shirish\AppData\Roaming\npm;C:\Users\Shirish\AppData\Local\Microsoft\WindowsApps;C:\Program Files\Microsoft VS Code\bin
10 verbose lifecycle daiict-chain@1.0.0~test: CWD: C:\Users\Shirish\daiict-chain
11 silly lifecycle daiict-chain@1.0.0~test: Args: [ '/d /s /c', 'jest --watchAll' ]
12 silly lifecycle daiict-chain@1.0.0~test: Returned: code: 3221225786  signal: null
13 info lifecycle daiict-chain@1.0.0~test: Failed to exec test script
14 verbose stack Error: daiict-chain@1.0.0 test: `jest --watchAll`
14 verbose stack Exit status 3221225786
14 verbose stack     at EventEmitter.<anonymous> (C:\Program Files\nodejs\node_modules\npm\lib\utils\lifecycle.js:255:16)
14 verbose stack     at emitTwo (events.js:106:13)
14 verbose stack     at EventEmitter.emit (events.js:191:7)
14 verbose stack     at ChildProcess.<anonymous> (C:\Program Files\nodejs\node_modules\npm\lib\utils\spawn.js:40:14)
14 verbose stack     at emitTwo (events.js:106:13)
14 verbose stack     at ChildProcess.emit (events.js:191:7)
14 verbose stack     at maybeClose (internal/child_process.js:920:16)
14 verbose stack     at Process.ChildProcess._handle.onexit (internal/child_process.js:230:5)
15 verbose pkgid daiict-chain@1.0.0
16 verbose cwd C:\Users\Shirish\daiict-chain
17 error Windows_NT 10.0.17134
18 error argv "C:\\Program Files\\nodejs\\node.exe" "C:\\Program Files\\nodejs\\node_modules\\npm\\bin\\npm-cli.js" "run" "test"
19 error node v6.11.3
20 error npm  v3.10.10
21 error code ELIFECYCLE
22 error daiict-chain@1.0.0 test: `jest --watchAll`
22 error Exit status 3221225786
23 error Failed at the daiict-chain@1.0.0 test script 'jest --watchAll'.
23 error Make sure you have the latest version of node.js and npm installed.
23 error If you do, this is most likely a problem with the daiict-chain package,
23 error not with npm itself.
23 error Tell the author that this fails on your system:
23 error     jest --watchAll
23 error You can get information on how to open an issue for this project with:
23 error     npm bugs daiict-chain
23 error Or if that isn't available, you can get their info via:
23 error     npm owner ls daiict-chain
23 error There is likely additional logging output above.
24 verbose exit [ 1, true ]
